Arguments: 
  C:\Program Files\nodejs\node.exe C:\Users\Blee\AppData\Roaming\npm\node_modules\yarn\bin\yarn.js add react-native-onesignal

PATH: 
  C:\Users\Blee\bin;C:\Program Files\Git\mingw64\bin;C:\Program Files\Git\usr\local\bin;C:\Program Files\Git\usr\bin;C:\Program Files\Git\usr\bin;C:\Program Files\Git\mingw64\bin;C:\Program Files\Git\usr\bin;C:\Users\Blee\bin;C:\Program Files\Common Files\Oracle\Java\javapath;C:\Program Files (x86)\Common Files\Oracle\Java\javapath;D:\VMware\bin;C:\Python310\Scripts;C:\Python310;C:\Python39\Scripts;C:\Python39;C:\WINDOWS\system32;C:\WINDOWS;C:\WINDOWS\System32\Wbem;C:\WINDOWS\System32\WindowsPowerShell\v1.0;C:\WINDOWS\System32\OpenSSH;C:\ProgramData\chocolatey\bin;C:\Program Files\dotnet;C:\Program Files\Git\cmd;C:\Program Files\Calibre2;C:\Program Files\Go\bin;C:\Program Files (x86)\NVIDIA Corporation\PhysX\Common;C:\Program Files\PowerShell\7;C:\Program Files\CMake\bin;C:\Users\Blee\AppData\Local\Android\Sdk\platform-tools;C:\Users\Blee\AppData\Local\Android\Sdk\platforms;C:\Users\Blee\AppData\Roaming\npm;C:\Users\Blee\AppData\Roaming\nvm;C:\Program Files\nodejs;C:\Program Files\NVIDIA Corporation\NVIDIA NvDLISR;C:\Program Files\Docker\Docker\resources\bin;C:\Program Files\Amazon\AWSCLIV2;C:\Program Files\nodejs;C:\Users\Blee\scoop\shims;C:\Users\Blee\.cargo\bin;C:\Users\Blee\AppData\Local\Microsoft\WindowsApps;C:\Users\Blee\AppData\Local\Programs\Microsoft VS Code\bin;C:\Program Files\mingw-w64\x86_64-8.1.0-posix-seh-rt_v6-rev0\mingw64\bin;C:\Users\Blee\AppData\Local\GitHubDesktop\bin;C:\Users\Blee\go\bin;C:\Users\Blee\.dotnet\tools;C:\Users\Blee\AppData\Roaming\nvm;C:\Program Files\nodejs;C:\Users\Blee\AppData\Local\Google\Cloud SDK\google-cloud-sdk\bin;C:\Users\Blee\AppData\Roaming\npm;C:\Program Files\Git\usr\bin;C:\Program Files\Git\usr\bin\vendor_perl;C:\Program Files\Git\usr\bin\core_perl

Yarn version: 
  1.22.10

Node version: 
  18.17.0

Platform: 
  win32 x64

Trace: 
  Error: EPERM: operation not permitted, unlink 'C:\Users\Blee\Important\Code\Microservices\cream-paws-server\client\node_modules\.bin\expo'

npm manifest: 
  {
    "name": "karin-dog-app",
    "version": "1.0.0",
    "main": "node_modules/expo/AppEntry.js",
    "scripts": {
      "start": "expo start",
      "android": "expo start --android",
      "ios": "expo start --ios",
      "web": "expo start --web",
      "eject": "expo eject",
      "test": "jest --watchAll"
    },
    "jest": {
      "preset": "jest-expo"
    },
    "dependencies": {
      "@cream-paws-util/common": "^1.0.29",
      "@dank-style/animation-plugin": "latest",
      "@dank-style/react": "latest",
      "@expo-google-fonts/inter": "^0.2.2",
      "@expo-google-fonts/roboto": "^0.2.2",
      "@expo/ngrok": "4.1.0",
      "@expo/vector-icons": "^13.0.0",
      "@expo/webpack-config": "^18.0.1",
      "@gluestack-ui/provider": "latest",
      "@react-native-community/checkbox": "^0.5.14",
      "@react-native-community/datetimepicker": "6.7.3",
      "@react-navigation/bottom-tabs": "^6.0.5",
      "@react-navigation/native": "^6.0.2",
      "@react-navigation/native-stack": "^6.1.0",
      "@types/babel__core": "^7.1.19",
      "@types/dinero.js": "^1.9.0",
      "@types/moment": "^2.13.0",
      "@types/react": "^17.0.43",
      "@types/react-dom": "^17.0.14",
      "@types/react-native": "^0.67.14",
      "@types/react-native-vector-icons": "^6.4.12",
      "@types/uuid": "^9.0.1",
      "axios": "^0.27.2",
      "dinero.js": "^1.9.1",
      "expo": "^48.0.10",
      "expo-asset": "~8.9.1",
      "expo-constants": "~14.2.1",
      "expo-font": "~11.1.1",
      "expo-linking": "~4.0.1",
      "expo-splash-screen": "~0.18.2",
      "expo-status-bar": "~1.4.4",
      "expo-web-browser": "~12.1.1",
      "global": "^4.4.0",
      "jsonwebtoken": "^8.5.1",
      "moment": "^2.29.4",
      "native-base": "^3.4.18",
      "react": "18.2.0",
      "react-dom": "18.2.0",
      "react-native": "0.71.8",
      "react-native-collapsible": "^1.6.0",
      "react-native-get-random-values": "~1.8.0",
      "react-native-modal-datetime-picker": "^15.0.1",
      "react-native-reanimated": "~2.14.4",
      "react-native-safe-area-context": "4.5.0",
      "react-native-screens": "~3.20.0",
      "react-native-svg": "13.4.0",
      "react-native-vector-icons": "^9.2.0",
      "typescript": "^4.3.5",
      "uuid": "^9.0.0",
      "expo-updates": "~0.16.4"
    },
    "devDependencies": {
      "@babel/core": "^7.12.9",
      "react-native-web": "^0.18.12"
    },
    "resolutions": {},
    "private": true
  }

yarn manifest: 
  No manifest

Lockfile: 
  No lockfile
